[codelens-ws] Installing dependencies...
bun install v1.3.12 (700fc117)

+ socket.io@4.8.3

22 packages installed [131.00ms]
[codelens-ws] Running bun run dev...
$ bun --hot index.ts
[CodeLens WS] WebSocket server running on port 3030
[CodeLens WS] CLI path: python3 /home/z/my-project/skills/codelens/scripts/codelens.py
[CodeLens WS] Timeout: 60000ms
[WS] Client connected: NKF7XrNCoaAH0InUAAAB
[WS] Client connected: WdvvudFQIktRjsKfAAAD
[WS] Client disconnected: NKF7XrNCoaAH0InUAAAB
[WS] Client disconnected: WdvvudFQIktRjsKfAAAD
[WS] Client connected: gPkCQal_ND9xoIApAAAF
[WS] Client connected: WY7souu4hJCEiBe0AAAH
[WS] Client disconnected: gPkCQal_ND9xoIApAAAF
[WS] select_node: function:spawnPrefetchSubtask
[WS] Client connected: AHbX3YXgzNvV5ZHiAAAJ
[WS] Client connected: XL5fFK-aWudV8DwQAAAL
[WS] Client disconnected: WY7souu4hJCEiBe0AAAH
[WS] select_node: function:callback
[WS] select_node: function:compareQueuePriority
[WS] Client connected: L2qUSYlxEPYu2d7AAAAN
[WS] select_node: function:warnForSyncAccess
[WS] Client disconnected: AHbX3YXgzNvV5ZHiAAAJ
[WS] Client disconnected: XL5fFK-aWudV8DwQAAAL
[WS] Client connected: 5xsBsXVv84SktX3XAAAP
[WS] select_node: fn-formatCurrency
[WS] select_node: fn-processPayment
[WS] command: trace callers fn-processPayment
[CLI] Executing: python3 /home/z/my-project/skills/codelens/scripts/codelens.py trace callers fn-processPayment
[CLI] Exit code 1: Traceback (most recent call last):
  File "/home/z/my-project/skills/codelens/scripts/codelens.py", line 64, in <module>
    from grammar_loader import get_grammar_loader
  File "/home/z/my-project/skills/codelens/scripts/grammar_loader.py", line 8, in <module>
    from tree_sitter import Language, Parser
ModuleNotFoundError: No module named 'tree_sitter'

[WS] command: trace execution fn-processPayment
[CLI] Executing: python3 /home/z/my-project/skills/codelens/scripts/codelens.py trace execution fn-processPayment
[CLI] Exit code 1: Traceback (most recent call last):
  File "/home/z/my-project/skills/codelens/scripts/codelens.py", line 64, in <module>
    from grammar_loader import get_grammar_loader
  File "/home/z/my-project/skills/codelens/scripts/grammar_loader.py", line 8, in <module>
    from tree_sitter import Language, Parser
ModuleNotFoundError: No module named 'tree_sitter'

[WS] command: purity fn-processPayment
[CLI] Executing: python3 /home/z/my-project/skills/codelens/scripts/codelens.py purity fn-processPayment
[CLI] Exit code 1: Traceback (most recent call last):
  File "/home/z/my-project/skills/codelens/scripts/codelens.py", line 64, in <module>
    from grammar_loader import get_grammar_loader
  File "/home/z/my-project/skills/codelens/scripts/grammar_loader.py", line 8, in <module>
    from tree_sitter import Language, Parser
ModuleNotFoundError: No module named 'tree_sitter'

[WS] select_node: env-DATABASE_URL
[WS] select_node: fn-verify_token
[WS] Client disconnected: 5xsBsXVv84SktX3XAAAP
[WS] Client disconnected: L2qUSYlxEPYu2d7AAAAN
[WS] Client connected: UXxoybTIc1RhVJLCAAAR
[WS] Client connected: 1OkVInsGWisL_IWMAAAT
[WS] Client disconnected: 1OkVInsGWisL_IWMAAAT
[WS] Client disconnected: UXxoybTIc1RhVJLCAAAR
[CodeLens WS] WebSocket server running on port 3030
[CodeLens WS] CLI path: /home/z/.venv/bin/python3 /home/z/my-project/skills/codelens/scripts/codelens.py
[CodeLens WS] Timeout: 60000ms
[CodeLens WS] WebSocket server running on port 3030
[CodeLens WS] CLI path: /home/z/.venv/bin/python3 /home/z/my-project/skills/codelens/scripts/codelens.py
[CodeLens WS] Timeout: 60000ms
[CodeLens WS] WebSocket server running on port 3030
[CodeLens WS] CLI path: /home/z/.venv/bin/python3 /home/z/my-project/skills/codelens/scripts/codelens.py
[CodeLens WS] Timeout: 60000ms
